2022-04-26 13:08:30,945:root:INFO:[[], [1], [2], [3], [4], [5], [6], [1, 2], [1, 3], [1, 4], [1, 5], [1, 6], [2, 3], [2, 4], [2, 5], [2, 6], [3, 4], [3, 5], [3, 6], [4, 5], [4, 6], [5, 6], [1, 2, 3], [1, 2, 4], [1, 2, 5], [1, 2, 6], [1, 3, 4], [1, 3, 5], [1, 3, 6], [1, 4, 5], [1, 4, 6], [1, 5, 6], [2, 3, 4], [2, 3, 5], [2, 3, 6], [2, 4, 5], [2, 4, 6], [2, 5, 6], [3, 4, 5], [3, 4, 6], [3, 5, 6], [4, 5, 6], [1, 2, 3, 4], [1, 2, 3, 5], [1, 2, 3, 6], [1, 2, 4, 5], [1, 2, 4, 6], [1, 2, 5, 6], [1, 3, 4, 5], [1, 3, 4, 6], [1, 3, 5, 6], [1, 4, 5, 6], [2, 3, 4, 5], [2, 3, 4, 6], [2, 3, 5, 6], [2, 4, 5, 6], [3, 4, 5, 6], [1, 2, 3, 4, 5], [1, 2, 3, 4, 6], [1, 2, 3, 5, 6], [1, 2, 4, 5, 6], [1, 3, 4, 5, 6], [2, 3, 4, 5, 6], [1, 2, 3, 4, 5, 6]]
2022-04-26 13:08:30,945:root:INFO:[]: 0.0
2022-04-26 13:08:30,946:root:INFO:[1]: 0.16666666666666666
2022-04-26 13:08:30,946:root:INFO:[2]: 0.16666666666666666
2022-04-26 13:08:30,946:root:INFO:[3]: 0.16666666666666666
2022-04-26 13:08:30,946:root:INFO:[4]: 0.16666666666666666
2022-04-26 13:08:30,947:root:INFO:[5]: 0.16666666666666666
2022-04-26 13:08:30,947:root:INFO:[6]: 0.16666666666666666
2022-04-26 13:08:30,947:root:INFO:[1, 2]: 0.3333333333333333
2022-04-26 13:08:30,947:root:INFO:[1, 3]: 0.3333333333333333
2022-04-26 13:08:30,949:root:INFO:[1, 4]: 0.3333333333333333
2022-04-26 13:08:30,949:root:INFO:[1, 5]: 0.3333333333333333
2022-04-26 13:08:30,949:root:INFO:[1, 6]: 0.3333333333333333
2022-04-26 13:08:30,949:root:INFO:[2, 3]: 0.3333333333333333
2022-04-26 13:08:30,949:root:INFO:[2, 4]: 0.3333333333333333
2022-04-26 13:08:30,950:root:INFO:[2, 5]: 0.3333333333333333
2022-04-26 13:08:30,950:root:INFO:[2, 6]: 0.3333333333333333
2022-04-26 13:08:30,950:root:INFO:[3, 4]: 0.3333333333333333
2022-04-26 13:08:30,950:root:INFO:[3, 5]: 0.3333333333333333
2022-04-26 13:08:30,950:root:INFO:[3, 6]: 0.3333333333333333
2022-04-26 13:08:30,950:root:INFO:[4, 5]: 0.3333333333333333
2022-04-26 13:08:30,951:root:INFO:[4, 6]: 0.3333333333333333
2022-04-26 13:08:30,951:root:INFO:[5, 6]: 0.3333333333333333
2022-04-26 13:08:30,957:root:INFO:[1, 2, 3]: 0.5
2022-04-26 13:08:30,958:root:INFO:[1, 2, 4]: 0.5
2022-04-26 13:08:30,958:root:INFO:[1, 2, 5]: 0.5
2022-04-26 13:08:30,959:root:INFO:[1, 2, 6]: 0.5
2022-04-26 13:08:30,959:root:INFO:[1, 3, 4]: 0.5
2022-04-26 13:08:30,959:root:INFO:[1, 3, 5]: 0.5
2022-04-26 13:08:30,959:root:INFO:[1, 3, 6]: 0.5
2022-04-26 13:08:30,959:root:INFO:[1, 4, 5]: 0.5
2022-04-26 13:08:30,960:root:INFO:[1, 4, 6]: 0.5
2022-04-26 13:08:30,960:root:INFO:[1, 5, 6]: 0.5
2022-04-26 13:08:30,961:root:INFO:[2, 3, 4]: 0.5
2022-04-26 13:08:30,961:root:INFO:[2, 3, 5]: 0.5
2022-04-26 13:08:30,961:root:INFO:[2, 3, 6]: 0.5
2022-04-26 13:08:30,961:root:INFO:[2, 4, 5]: 0.5
2022-04-26 13:08:30,961:root:INFO:[2, 4, 6]: 0.5
2022-04-26 13:08:30,961:root:INFO:[2, 5, 6]: 0.5
2022-04-26 13:08:30,961:root:INFO:[3, 4, 5]: 0.5
2022-04-26 13:08:30,962:root:INFO:[3, 4, 6]: 0.5
2022-04-26 13:08:30,962:root:INFO:[3, 5, 6]: 0.5
2022-04-26 13:08:30,962:root:INFO:[4, 5, 6]: 0.5
2022-04-26 13:08:30,962:root:INFO:[1, 2, 3, 4]: 0.6666666666666666
2022-04-26 13:08:30,962:root:INFO:[1, 2, 3, 5]: 0.6666666666666666
2022-04-26 13:08:30,962:root:INFO:[1, 2, 3, 6]: 0.6666666666666666
2022-04-26 13:08:30,963:root:INFO:[1, 2, 4, 5]: 0.6666666666666666
2022-04-26 13:08:30,963:root:INFO:[1, 2, 4, 6]: 0.6666666666666666
2022-04-26 13:08:30,963:root:INFO:[1, 2, 5, 6]: 0.6666666666666666
2022-04-26 13:08:30,963:root:INFO:[1, 3, 4, 5]: 0.6666666666666666
2022-04-26 13:08:30,964:root:INFO:[1, 3, 4, 6]: 0.6666666666666666
2022-04-26 13:08:30,964:root:INFO:[1, 3, 5, 6]: 0.6666666666666666
2022-04-26 13:08:30,965:root:INFO:[1, 4, 5, 6]: 0.6666666666666666
2022-04-26 13:08:30,965:root:INFO:[2, 3, 4, 5]: 0.6666666666666666
2022-04-26 13:08:30,965:root:INFO:[2, 3, 4, 6]: 0.6666666666666666
2022-04-26 13:08:30,965:root:INFO:[2, 3, 5, 6]: 0.6666666666666666
2022-04-26 13:08:30,965:root:INFO:[2, 4, 5, 6]: 0.6666666666666666
2022-04-26 13:08:30,966:root:INFO:[3, 4, 5, 6]: 0.6666666666666666
2022-04-26 13:08:30,967:root:INFO:[1, 2, 3, 4, 5]: 0.8333333333333334
2022-04-26 13:08:30,968:root:INFO:[1, 2, 3, 4, 6]: 0.8333333333333334
2022-04-26 13:08:30,969:root:INFO:[1, 2, 3, 5, 6]: 0.8333333333333334
2022-04-26 13:08:30,969:root:INFO:[1, 2, 4, 5, 6]: 0.8333333333333334
2022-04-26 13:08:30,969:root:INFO:[1, 3, 4, 5, 6]: 0.8333333333333334
2022-04-26 13:08:30,970:root:INFO:[2, 3, 4, 5, 6]: 0.8333333333333334
2022-04-26 13:08:30,971:root:INFO:[1, 2, 3, 4, 5, 6]: 1.0
2022-04-26 13:08:30,973:root:INFO:cdf(0.0) = 0.0
2022-04-26 13:08:30,973:root:INFO:cdf(0.2) = 0.0
2022-04-26 13:08:30,974:root:INFO:cdf(0.4) = 0.0
2022-04-26 13:08:30,974:root:INFO:cdf(0.6) = 0.0
2022-04-26 13:08:30,975:root:INFO:cdf(0.8) = 0.0
2022-04-26 13:08:30,975:root:INFO:cdf(1.0) = 0.16666666666666666
2022-04-26 13:08:30,976:root:INFO:cdf(1.2) = 0.16666666666666666
2022-04-26 13:08:30,976:root:INFO:cdf(1.4) = 0.16666666666666666
2022-04-26 13:08:30,977:root:INFO:cdf(1.6) = 0.16666666666666666
2022-04-26 13:08:30,978:root:INFO:cdf(1.8) = 0.16666666666666666
2022-04-26 13:08:30,978:root:INFO:cdf(2.0) = 0.3333333333333333
2022-04-26 13:08:30,979:root:INFO:cdf(2.2) = 0.3333333333333333
2022-04-26 13:08:30,979:root:INFO:cdf(2.4) = 0.3333333333333333
2022-04-26 13:08:30,980:root:INFO:cdf(2.6) = 0.3333333333333333
2022-04-26 13:08:30,980:root:INFO:cdf(2.8) = 0.3333333333333333
2022-04-26 13:08:30,981:root:INFO:cdf(3.0) = 0.5
2022-04-26 13:08:30,982:root:INFO:cdf(3.2) = 0.5
2022-04-26 13:08:30,982:root:INFO:cdf(3.4) = 0.5
2022-04-26 13:08:30,982:root:INFO:cdf(3.6) = 0.5
2022-04-26 13:08:30,983:root:INFO:cdf(3.8) = 0.5
2022-04-26 13:08:30,983:root:INFO:cdf(4.0) = 0.6666666666666666
2022-04-26 13:08:30,983:root:INFO:cdf(4.2) = 0.6666666666666666
2022-04-26 13:08:30,984:root:INFO:cdf(4.4) = 0.6666666666666666
2022-04-26 13:08:30,984:root:INFO:cdf(4.6) = 0.6666666666666666
2022-04-26 13:08:30,984:root:INFO:cdf(4.8) = 0.6666666666666666
2022-04-26 13:08:30,984:root:INFO:cdf(5.0) = 0.8333333333333334
2022-04-26 13:08:30,984:root:INFO:cdf(5.2) = 0.8333333333333334
2022-04-26 13:08:30,985:root:INFO:cdf(5.4) = 0.8333333333333334
2022-04-26 13:08:30,985:root:INFO:cdf(5.6) = 0.8333333333333334
2022-04-26 13:08:30,985:root:INFO:cdf(5.8) = 0.8333333333333334
2022-04-26 13:08:30,985:root:INFO:cdf(6.0) = 1.0
2022-04-26 13:08:30,986:root:INFO:cdf(6.2) = 1.0
2022-04-26 13:08:30,990:root:INFO:cdf(6.4) = 1.0
2022-04-26 13:08:30,990:root:INFO:cdf(6.6) = 1.0
2022-04-26 13:08:30,990:root:INFO:cdf(6.8) = 1.0
2022-04-26 13:08:30,990:root:INFO:----------- combined CDF sum 2x d6
2022-04-26 13:08:30,992:root:INFO:cdf(0.0) = 0.0
2022-04-26 13:08:30,992:root:INFO:cdf(0.2) = 0.0
2022-04-26 13:08:30,993:root:INFO:cdf(0.4) = 0.0
2022-04-26 13:08:30,993:root:INFO:cdf(0.6) = 0.0
2022-04-26 13:08:30,993:root:INFO:cdf(0.8) = 0.0
2022-04-26 13:08:30,994:root:INFO:cdf(1.0) = 0.0
2022-04-26 13:08:30,994:root:INFO:cdf(1.2) = 0.0
2022-04-26 13:08:30,996:root:INFO:cdf(1.4) = 0.0
2022-04-26 13:08:30,999:root:INFO:cdf(1.6) = 0.0
2022-04-26 13:08:31,002:root:INFO:cdf(1.8) = 0.0
2022-04-26 13:08:31,002:root:INFO:cdf(2.0) = 0.027777777777777776
2022-04-26 13:08:31,003:root:INFO:cdf(2.2) = 0.027777777777777776
2022-04-26 13:08:31,004:root:INFO:cdf(2.4) = 0.027777777777777776
2022-04-26 13:08:31,004:root:INFO:cdf(2.6) = 0.027777777777777776
2022-04-26 13:08:31,005:root:INFO:cdf(2.8) = 0.027777777777777776
2022-04-26 13:08:31,005:root:INFO:cdf(3.0) = 0.08333333333333333
2022-04-26 13:08:31,005:root:INFO:cdf(3.2) = 0.08333333333333333
2022-04-26 13:08:31,006:root:INFO:cdf(3.4) = 0.08333333333333333
2022-04-26 13:08:31,012:root:INFO:cdf(3.6) = 0.08333333333333333
2022-04-26 13:08:31,013:root:INFO:cdf(3.8) = 0.08333333333333333
2022-04-26 13:08:31,013:root:INFO:cdf(4.0) = 0.16666666666666666
2022-04-26 13:08:31,014:root:INFO:cdf(4.2) = 0.16666666666666666
2022-04-26 13:08:31,014:root:INFO:cdf(4.4) = 0.16666666666666666
2022-04-26 13:08:31,015:root:INFO:cdf(4.6) = 0.16666666666666666
2022-04-26 13:08:31,015:root:INFO:cdf(4.8) = 0.16666666666666666
2022-04-26 13:08:31,016:root:INFO:cdf(5.0) = 0.2777777777777778
2022-04-26 13:08:31,017:root:INFO:cdf(5.2) = 0.2777777777777778
2022-04-26 13:08:31,019:root:INFO:cdf(5.4) = 0.2777777777777778
2022-04-26 13:08:31,020:root:INFO:cdf(5.6) = 0.2777777777777778
2022-04-26 13:08:31,023:root:INFO:cdf(5.8) = 0.2777777777777778
2022-04-26 13:08:31,025:root:INFO:cdf(6.0) = 0.4166666666666667
2022-04-26 13:08:31,026:root:INFO:cdf(6.2) = 0.4166666666666667
2022-04-26 13:08:31,028:root:INFO:cdf(6.4) = 0.4166666666666667
2022-04-26 13:08:31,029:root:INFO:cdf(6.6) = 0.4166666666666667
2022-04-26 13:08:31,029:root:INFO:cdf(6.8) = 0.4166666666666667
2022-04-26 13:08:31,032:root:INFO:cdf(7.0) = 0.5833333333333334
2022-04-26 13:08:31,034:root:INFO:cdf(7.2) = 0.5833333333333334
2022-04-26 13:08:31,035:root:INFO:cdf(7.4) = 0.5833333333333334
2022-04-26 13:08:31,036:root:INFO:cdf(7.6) = 0.5833333333333334
2022-04-26 13:08:31,036:root:INFO:cdf(7.8) = 0.5833333333333334
2022-04-26 13:08:31,040:root:INFO:cdf(8.0) = 0.7222222222222222
2022-04-26 13:08:31,058:root:INFO:cdf(8.2) = 0.7222222222222222
2022-04-26 13:08:31,062:root:INFO:cdf(8.4) = 0.7222222222222222
2022-04-26 13:08:31,067:root:INFO:cdf(8.6) = 0.7222222222222222
2022-04-26 13:08:31,067:root:INFO:cdf(8.8) = 0.7222222222222222
2022-04-26 13:08:31,068:root:INFO:cdf(9.0) = 0.8333333333333334
2022-04-26 13:08:31,068:root:INFO:cdf(9.2) = 0.8333333333333334
2022-04-26 13:08:31,070:root:INFO:cdf(9.4) = 0.8333333333333334
2022-04-26 13:08:31,071:root:INFO:cdf(9.6) = 0.8333333333333334
2022-04-26 13:08:31,072:root:INFO:cdf(9.8) = 0.8333333333333334
2022-04-26 13:08:31,072:root:INFO:cdf(10.0) = 0.9166666666666666
2022-04-26 13:08:31,079:root:INFO:cdf(10.2) = 0.9166666666666666
2022-04-26 13:08:31,079:root:INFO:cdf(10.4) = 0.9166666666666666
2022-04-26 13:08:31,084:root:INFO:cdf(10.6) = 0.9166666666666666
2022-04-26 13:08:31,084:root:INFO:cdf(10.8) = 0.9166666666666666
2022-04-26 13:08:31,087:root:INFO:cdf(11.0) = 0.9722222222222222
2022-04-26 13:08:31,087:root:INFO:cdf(11.2) = 0.9722222222222222
2022-04-26 13:08:31,088:root:INFO:cdf(11.4) = 0.9722222222222222
2022-04-26 13:08:31,088:root:INFO:cdf(11.6) = 0.9722222222222222
2022-04-26 13:08:31,088:root:INFO:cdf(11.8) = 0.9722222222222222
2022-04-26 13:08:31,089:root:INFO:cdf(12.0) = 1.0
2022-04-26 13:08:31,089:root:INFO:cdf(12.2) = 1.0
2022-04-26 13:08:31,089:root:INFO:cdf(12.4) = 1.0
2022-04-26 13:08:31,089:root:INFO:cdf(12.6) = 1.0
2022-04-26 13:08:31,110:root:INFO:cdf(12.8) = 1.0
2022-04-26 13:08:31,110:root:INFO:----------- combined CDF max 4x sum 2x d6
2022-04-26 13:08:31,111:root:INFO:----------- PDF 1
2022-04-26 13:08:31,113:root:INFO:{1.1142857142857143: 0.16666666666666666, 2.0428571428571427: 0.16666666666666666, 3.1571428571428575: 0.16666666666666669, 4.085714285714285: 0.16666666666666663, 5.014285714285714: 0.16666666666666674, 6.128571428571429: 0.16666666666666663}
2022-04-26 13:08:31,114:root:INFO:----------- PDF 2
2022-04-26 13:08:31,241:root:INFO:{2.1153846153846154: 0.027777777777777776, 3.076923076923077: 0.05555555555555555, 4.038461538461538: 0.08333333333333333, 5.0: 0.11111111111111113, 6.153846153846154: 0.1388888888888889, 7.115384615384616: 0.16666666666666669, 8.076923076923077: 0.13888888888888884, 9.038461538461538: 0.11111111111111116, 10.0: 0.08333333333333326, 11.153846153846155: 0.05555555555555558, 12.115384615384617: 0.02777777777777779}
2022-04-26 13:08:31,259:root:INFO:----------- PDF 3
